{"level":"error","message":"Tue Oct 17 2023 18:40:52 GMT+0530 (India Standard Time)-{\"name\":\"Data Not found\",\"statusCode\":{\"name\":\"API Error\",\"statusCode\":500,\"isOperational\":true},\"isOperational\":true}","private":true}
{"level":"error","message":"Tue Oct 17 2023 18:45:28 GMT+0530 (India Standard Time)-{\"name\":\"Data Not found\",\"statusCode\":{\"name\":\"API Error\",\"statusCode\":500,\"isOperational\":true},\"isOperational\":true}","private":true}
{"level":"error","message":"Tue Oct 17 2023 18:50:47 GMT+0530 (India Standard Time)-{\"name\":\"Data Not found\",\"statusCode\":{\"name\":\"API Error\",\"statusCode\":500,\"isOperational\":true},\"isOperational\":true}","private":true}
{"level":"error","message":"Tue Oct 17 2023 18:51:10 GMT+0530 (India Standard Time)-{\"name\":\"Data Not found\",\"statusCode\":{\"name\":\"API Error\",\"statusCode\":500,\"isOperational\":true},\"isOperational\":true}","private":true}
{"level":"error","message":"Tue Oct 17 2023 18:51:41 GMT+0530 (India Standard Time)-{\"name\":\"Data Not found\",\"statusCode\":{\"name\":\"API Error\",\"statusCode\":500,\"isOperational\":true},\"isOperational\":true}","private":true}
{"level":"error","message":"Tue Oct 17 2023 18:52:27 GMT+0530 (India Standard Time)-{\"name\":\"Data Not found\",\"statusCode\":{\"name\":\"API Error\",\"statusCode\":500,\"isOperational\":true},\"isOperational\":true}","private":true}
{"level":"error","message":"Tue Oct 17 2023 18:53:48 GMT+0530 (India Standard Time)-{\"name\":\"Data Not found\",\"statusCode\":{\"name\":\"API Error\",\"statusCode\":500,\"isOperational\":true},\"isOperational\":true}","private":true}
{"level":"error","message":"Tue Oct 17 2023 18:55:51 GMT+0530 (India Standard Time)-{\"name\":\"Data Not found\",\"statusCode\":{\"name\":\"API Error\",\"statusCode\":500,\"isOperational\":true},\"isOperational\":true}","private":true}
{"level":"error","message":"Tue Oct 17 2023 18:56:24 GMT+0530 (India Standard Time)-{\"name\":\"Data Not found\",\"statusCode\":{\"name\":\"API Error\",\"statusCode\":500,\"isOperational\":true},\"isOperational\":true}","private":true}
{"level":"error","message":"Tue Oct 17 2023 18:56:55 GMT+0530 (India Standard Time)-{\"name\":\"Data Not found\",\"statusCode\":{\"name\":\"API Error\",\"statusCode\":500,\"isOperational\":true},\"isOperational\":true}","private":true}
{"level":"error","message":"Tue Oct 17 2023 18:58:00 GMT+0530 (India Standard Time)-{\"name\":\"Data Not found\",\"statusCode\":{\"name\":\"API Error\",\"statusCode\":500,\"isOperational\":true},\"isOperational\":true}","private":true}
{"level":"error","message":"Tue Oct 17 2023 18:59:09 GMT+0530 (India Standard Time)-{\"name\":\"Data Not found\",\"statusCode\":{\"name\":\"API Error\",\"statusCode\":500,\"isOperational\":true},\"isOperational\":true}","private":true}
{"level":"error","message":"Tue Oct 17 2023 18:59:55 GMT+0530 (India Standard Time)-{\"name\":\"Data Not found\",\"statusCode\":{\"name\":\"API Error\",\"statusCode\":500,\"isOperational\":true},\"isOperational\":true}","private":true}
{"level":"error","message":"Tue Oct 17 2023 19:00:42 GMT+0530 (India Standard Time)-{\"name\":\"Data Not found\",\"statusCode\":{\"name\":\"API Error\",\"statusCode\":500,\"isOperational\":true},\"isOperational\":true}","private":true}
{"level":"error","message":"Tue Oct 17 2023 19:01:14 GMT+0530 (India Standard Time)-{\"name\":\"Data Not found\",\"statusCode\":{\"name\":\"API Error\",\"statusCode\":500,\"isOperational\":true},\"isOperational\":true}","private":true}
{"level":"error","message":"Tue Oct 17 2023 19:02:08 GMT+0530 (India Standard Time)-{\"name\":\"Data Not found\",\"statusCode\":{\"name\":\"API Error\",\"statusCode\":500,\"isOperational\":true},\"isOperational\":true}","private":true}
{"level":"error","message":"Tue Oct 17 2023 19:03:03 GMT+0530 (India Standard Time)-{\"name\":\"Data Not found\",\"statusCode\":{\"name\":\"API Error\",\"statusCode\":500,\"isOperational\":true},\"isOperational\":true}","private":true}
{"level":"error","message":"Tue Oct 17 2023 19:04:35 GMT+0530 (India Standard Time)-{\"name\":\"Data Not found\",\"statusCode\":{\"name\":\"API Error\",\"statusCode\":500,\"isOperational\":true},\"isOperational\":true}","private":true}
{"level":"error","message":"Tue Oct 17 2023 19:07:42 GMT+0530 (India Standard Time)-{\"name\":\"Data Not found\",\"statusCode\":{\"name\":\"API Error\",\"statusCode\":500,\"isOperational\":true},\"isOperational\":true}","private":true}
{"level":"error","message":"Tue Oct 17 2023 19:09:06 GMT+0530 (India Standard Time)-{\"name\":\"Data Not found\",\"statusCode\":{\"name\":\"API Error\",\"statusCode\":500,\"isOperational\":true},\"isOperational\":true}","private":true}
{"level":"error","message":"Wed Oct 18 2023 20:19:14 GMT+0530 (India Standard Time)-{}","private":true}
{"level":"error","message":"Wed Oct 18 2023 20:22:12 GMT+0530 (India Standard Time)-{}","private":true}
{"level":"error","message":"Wed Oct 18 2023 20:23:08 GMT+0530 (India Standard Time)-{}","private":true}
{"level":"error","message":"Wed Oct 18 2023 20:23:40 GMT+0530 (India Standard Time)-{}","private":true}
{"level":"error","message":"Wed Oct 18 2023 20:24:10 GMT+0530 (India Standard Time)-{\"name\":\"Data Not found\",\"statusCode\":{\"name\":\"API Error\",\"statusCode\":500,\"isOperational\":true},\"isOperational\":true}","private":true}
{"level":"error","message":"Fri Oct 20 2023 17:23:01 GMT+0530 (India Standard Time)-{}","private":true}
{"level":"error","message":"Fri Oct 20 2023 17:24:34 GMT+0530 (India Standard Time)-{}","private":true}
{"level":"error","message":"Fri Oct 20 2023 17:25:13 GMT+0530 (India Standard Time)-{}","private":true}
{"level":"error","message":"Fri Oct 20 2023 17:27:21 GMT+0530 (India Standard Time)-{}","private":true}
{"level":"error","message":"Fri Oct 20 2023 17:27:52 GMT+0530 (India Standard Time)-{}","private":true}
{"level":"error","message":"Fri Oct 20 2023 17:35:26 GMT+0530 (India Standard Time)-{\"message\":\"Request failed with status code 404\",\"name\":\"AxiosError\",\"stack\":\"AxiosError: Request failed with status code 404\\n    at settle (D:\\\\Intern\\\\multivender\\\\user\\\\node_modules\\\\axios\\\\dist\\\\node\\\\axios.cjs:1913:12)\\n    at Unzip.handleStreamEnd (D:\\\\Intern\\\\multivender\\\\user\\\\node_modules\\\\axios\\\\dist\\\\node\\\\axios.cjs:2995:11)\\n    at Unzip.emit (node:events:523:35)\\n    at endReadableNT (node:internal/streams/readable:1367:12)\\n    at process.processTicksAndRejections (node:internal/process/task_queues:82:21)\",\"config\":{\"transitional\":{\"silentJSONParsing\":true,\"forcedJSONParsing\":true,\"clarifyTimeoutError\":false},\"adapter\":[\"xhr\",\"http\"],\"transformRequest\":[null],\"transformResponse\":[null],\"timeout\":0,\"xsrfCookieName\":\"XSRF-TOKEN\",\"xsrfHeaderName\":\"X-XSRF-TOKEN\",\"maxContentLength\":-1,\"maxBodyLength\":-1,\"env\":{},\"headers\":{\"Accept\":\"application/json, text/plain, */*\",\"User-Agent\":\"axios/1.5.1\",\"Accept-Encoding\":\"gzip, compress, deflate, br\"},\"method\":\"get\",\"url\":\"https://ipinfo.io/undefined/json\"},\"code\":\"ERR_BAD_REQUEST\",\"status\":404}","private":true}
{"level":"error","message":"Fri Oct 20 2023 17:38:38 GMT+0530 (India Standard Time)-{\"message\":\"Request failed with status code 404\",\"name\":\"AxiosError\",\"stack\":\"AxiosError: Request failed with status code 404\\n    at settle (D:\\\\Intern\\\\multivender\\\\user\\\\node_modules\\\\axios\\\\dist\\\\node\\\\axios.cjs:1913:12)\\n    at Unzip.handleStreamEnd (D:\\\\Intern\\\\multivender\\\\user\\\\node_modules\\\\axios\\\\dist\\\\node\\\\axios.cjs:2995:11)\\n    at Unzip.emit (node:events:523:35)\\n    at endReadableNT (node:internal/streams/readable:1367:12)\\n    at process.processTicksAndRejections (node:internal/process/task_queues:82:21)\",\"config\":{\"transitional\":{\"silentJSONParsing\":true,\"forcedJSONParsing\":true,\"clarifyTimeoutError\":false},\"adapter\":[\"xhr\",\"http\"],\"transformRequest\":[null],\"transformResponse\":[null],\"timeout\":0,\"xsrfCookieName\":\"XSRF-TOKEN\",\"xsrfHeaderName\":\"X-XSRF-TOKEN\",\"maxContentLength\":-1,\"maxBodyLength\":-1,\"env\":{},\"headers\":{\"Accept\":\"application/json, text/plain, */*\",\"User-Agent\":\"axios/1.5.1\",\"Accept-Encoding\":\"gzip, compress, deflate, br\"},\"method\":\"get\",\"url\":\"https://ipinfo.io/undefined/json\"},\"code\":\"ERR_BAD_REQUEST\",\"status\":404}","private":true}
{"level":"error","message":"Fri Oct 20 2023 17:44:58 GMT+0530 (India Standard Time)-{\"message\":\"Request failed with status code 404\",\"name\":\"AxiosError\",\"stack\":\"AxiosError: Request failed with status code 404\\n    at settle (D:\\\\Intern\\\\multivender\\\\user\\\\node_modules\\\\axios\\\\dist\\\\node\\\\axios.cjs:1913:12)\\n    at Unzip.handleStreamEnd (D:\\\\Intern\\\\multivender\\\\user\\\\node_modules\\\\axios\\\\dist\\\\node\\\\axios.cjs:2995:11)\\n    at Unzip.emit (node:events:523:35)\\n    at endReadableNT (node:internal/streams/readable:1367:12)\\n    at process.processTicksAndRejections (node:internal/process/task_queues:82:21)\",\"config\":{\"transitional\":{\"silentJSONParsing\":true,\"forcedJSONParsing\":true,\"clarifyTimeoutError\":false},\"adapter\":[\"xhr\",\"http\"],\"transformRequest\":[null],\"transformResponse\":[null],\"timeout\":0,\"xsrfCookieName\":\"XSRF-TOKEN\",\"xsrfHeaderName\":\"X-XSRF-TOKEN\",\"maxContentLength\":-1,\"maxBodyLength\":-1,\"env\":{},\"headers\":{\"Accept\":\"application/json, text/plain, */*\",\"User-Agent\":\"axios/1.5.1\",\"Accept-Encoding\":\"gzip, compress, deflate, br\"},\"method\":\"get\",\"url\":\"https://ipinfo.io/undefined/json\"},\"code\":\"ERR_BAD_REQUEST\",\"status\":404}","private":true}
{"level":"error","message":"Fri Oct 20 2023 17:46:23 GMT+0530 (India Standard Time)-{\"message\":\"Request failed with status code 404\",\"name\":\"AxiosError\",\"stack\":\"AxiosError: Request failed with status code 404\\n    at settle (D:\\\\Intern\\\\multivender\\\\user\\\\node_modules\\\\axios\\\\dist\\\\node\\\\axios.cjs:1913:12)\\n    at Unzip.handleStreamEnd (D:\\\\Intern\\\\multivender\\\\user\\\\node_modules\\\\axios\\\\dist\\\\node\\\\axios.cjs:2995:11)\\n    at Unzip.emit (node:events:523:35)\\n    at endReadableNT (node:internal/streams/readable:1367:12)\\n    at process.processTicksAndRejections (node:internal/process/task_queues:82:21)\",\"config\":{\"transitional\":{\"silentJSONParsing\":true,\"forcedJSONParsing\":true,\"clarifyTimeoutError\":false},\"adapter\":[\"xhr\",\"http\"],\"transformRequest\":[null],\"transformResponse\":[null],\"timeout\":0,\"xsrfCookieName\":\"XSRF-TOKEN\",\"xsrfHeaderName\":\"X-XSRF-TOKEN\",\"maxContentLength\":-1,\"maxBodyLength\":-1,\"env\":{},\"headers\":{\"Accept\":\"application/json, text/plain, */*\",\"User-Agent\":\"axios/1.5.1\",\"Accept-Encoding\":\"gzip, compress, deflate, br\"},\"method\":\"get\",\"url\":\"https://ipinfo.io/undefined/json\"},\"code\":\"ERR_BAD_REQUEST\",\"status\":404}","private":true}
{"level":"error","message":"Fri Oct 20 2023 18:06:36 GMT+0530 (India Standard Time)-{}","private":true}
{"level":"error","message":"Fri Oct 20 2023 18:07:41 GMT+0530 (India Standard Time)-{}","private":true}
{"level":"error","message":"Fri Oct 20 2023 18:09:55 GMT+0530 (India Standard Time)-{}","private":true}
{"level":"error","message":"Fri Oct 20 2023 18:11:52 GMT+0530 (India Standard Time)-{}","private":true}
{"level":"error","message":"Fri Oct 20 2023 18:13:41 GMT+0530 (India Standard Time)-{}","private":true}
{"level":"error","message":"Fri Oct 20 2023 18:16:16 GMT+0530 (India Standard Time)-{}","private":true}
{"level":"error","message":"Fri Oct 20 2023 18:17:19 GMT+0530 (India Standard Time)-{}","private":true}
{"level":"error","message":"Fri Oct 20 2023 18:23:52 GMT+0530 (India Standard Time)-{}","private":true}
{"level":"error","message":"Fri Oct 20 2023 18:29:45 GMT+0530 (India Standard Time)-{}","private":true}
{"level":"error","message":"Fri Oct 20 2023 18:31:41 GMT+0530 (India Standard Time)-{}","private":true}
{"level":"error","message":"Fri Oct 20 2023 18:34:36 GMT+0530 (India Standard Time)-{\"message\":\"Socket connection timeout\",\"name\":\"Error\",\"stack\":\"Error: Socket connection timeout\\n    at AxiosError.from (D:\\\\Intern\\\\multivender\\\\user\\\\node_modules\\\\axios\\\\dist\\\\node\\\\axios.cjs:837:14)\\n    at RedirectableRequest.handleRequestError (D:\\\\Intern\\\\multivender\\\\user\\\\node_modules\\\\axios\\\\dist\\\\node\\\\axios.cjs:3016:25)\\n    at RedirectableRequest.emit (node:events:511:28)\\n    at eventHandlers.<computed> (D:\\\\Intern\\\\multivender\\\\user\\\\node_modules\\\\follow-redirects\\\\index.js:14:24)\\n    at ClientRequest.emit (node:events:511:28)\\n    at TLSSocket.socketErrorListener (node:_http_client:495:9)\\n    at TLSSocket.emit (node:events:511:28)\\n    at emitErrorNT (node:internal/streams/destroy:151:8)\\n    at emitErrorCloseNT (node:internal/streams/destroy:116:3)\\n    at process.processTicksAndRejections (node:internal/process/task_queues:82:21)\",\"config\":{\"transitional\":{\"silentJSONParsing\":true,\"forcedJSONParsing\":true,\"clarifyTimeoutError\":false},\"adapter\":[\"xhr\",\"http\"],\"transformRequest\":[null],\"transformResponse\":[null],\"timeout\":0,\"xsrfCookieName\":\"XSRF-TOKEN\",\"xsrfHeaderName\":\"X-XSRF-TOKEN\",\"maxContentLength\":-1,\"maxBodyLength\":-1,\"env\":{},\"headers\":{\"Accept\":\"application/json, text/plain, */*\",\"User-Agent\":\"axios/1.5.1\",\"Accept-Encoding\":\"gzip, compress, deflate, br\"},\"method\":\"get\",\"url\":\"https://ipgeolocation.abstractapi.com/v1/?api_key=192.168.56.1&ip_address=192.168.56.1\"},\"code\":\"ERR_SOCKET_CONNECTION_TIMEOUT\",\"status\":null}","private":true}
{"level":"error","message":"Fri Oct 20 2023 18:46:40 GMT+0530 (India Standard Time)-{}","private":true}
{"level":"error","message":"Fri Oct 20 2023 19:39:26 GMT+0530 (India Standard Time)-{}","private":true}
{"level":"error","message":"Fri Oct 20 2023 19:41:57 GMT+0530 (India Standard Time)-{}","private":true}
